<?xml version="1.0" encoding="UTF-8" ?>
<testsuite failures="0" time="0.101" errors="0" skipped="0" tests="41" name="edu.ucla.sspace.util.HashMultiMapTest">
  <properties>
    <property name="java.runtime.name" value="Java(TM) SE Runtime Environment"/>
    <property name="sun.boot.library.path" value="/Library/Java/JavaVirtualMachines/jdk1.7.0_07.jdk/Contents/Home/jre/lib"/>
    <property name="java.vm.version" value="23.3-b01"/>
    <property name="gopherProxySet" value="false"/>
    <property name="java.vm.vendor" value="Oracle Corporation"/>
    <property name="java.vendor.url" value="http://java.oracle.com/"/>
    <property name="path.separator" value=":"/>
    <property name="guice.disable.misplaced.annotation.check" value="true"/>
    <property name="java.vm.name" value="Java HotSpot(TM) 64-Bit Server VM"/>
    <property name="file.encoding.pkg" value="sun.io"/>
    <property name="user.country" value="CN"/>
    <property name="sun.java.launcher" value="SUN_STANDARD"/>
    <property name="sun.os.patch.level" value="unknown"/>
    <property name="java.vm.specification.name" value="Java Virtual Machine Specification"/>
    <property name="user.dir" value="/Users/admin/Projects/S-Space"/>
    <property name="java.runtime.version" value="1.7.0_07-b10"/>
    <property name="java.awt.graphicsenv" value="sun.awt.CGraphicsEnvironment"/>
    <property name="java.endorsed.dirs" value="/Library/Java/JavaVirtualMachines/jdk1.7.0_07.jdk/Contents/Home/jre/lib/endorsed"/>
    <property name="os.arch" value="x86_64"/>
    <property name="java.io.tmpdir" value="/var/folders/4c/x35n2rm12wd0bqprw9zfbqj40000gn/T/"/>
    <property name="line.separator" value="
"/>
    <property name="java.vm.specification.vendor" value="Oracle Corporation"/>
    <property name="os.name" value="Mac OS X"/>
    <property name="classworlds.conf" value="/usr/share/maven/bin/m2.conf"/>
    <property name="sun.jnu.encoding" value="UTF-8"/>
    <property name="java.library.path" value="/Users/admin/Library/Java/Extensions:/Library/Java/Extensions:/Network/Library/Java/Extensions:/System/Library/Java/Extensions:/usr/lib/java:."/>
    <property name="java.specification.name" value="Java Platform API Specification"/>
    <property name="java.class.version" value="51.0"/>
    <property name="sun.management.compiler" value="HotSpot 64-Bit Tiered Compilers"/>
    <property name="os.version" value="10.8.3"/>
    <property name="http.nonProxyHosts" value="local|*.local|169.254/16|*.169.254/16"/>
    <property name="user.home" value="/Users/admin"/>
    <property name="user.timezone" value="Europe/Helsinki"/>
    <property name="java.awt.printerjob" value="sun.lwawt.macosx.CPrinterJob"/>
    <property name="java.specification.version" value="1.7"/>
    <property name="file.encoding" value="UTF-8"/>
    <property name="user.name" value="admin"/>
    <property name="java.class.path" value="/usr/share/maven/boot/plexus-classworlds-2.4.jar"/>
    <property name="java.vm.specification.version" value="1.7"/>
    <property name="sun.arch.data.model" value="64"/>
    <property name="java.home" value="/Library/Java/JavaVirtualMachines/jdk1.7.0_07.jdk/Contents/Home/jre"/>
    <property name="sun.java.command" value="org.codehaus.plexus.classworlds.launcher.Launcher -e test"/>
    <property name="java.specification.vendor" value="Oracle Corporation"/>
    <property name="user.language" value="zh"/>
    <property name="awt.toolkit" value="sun.lwawt.macosx.LWCToolkit"/>
    <property name="java.vm.info" value="mixed mode"/>
    <property name="java.version" value="1.7.0_07"/>
    <property name="java.ext.dirs" value="/Users/admin/Library/Java/Extensions:/Library/Java/JavaVirtualMachines/jdk1.7.0_07.jdk/Contents/Home/jre/lib/ext:/Library/Java/Extensions:/Network/Library/Java/Extensions:/System/Library/Java/Extensions:/usr/lib/java"/>
    <property name="sun.boot.class.path" value="/Library/Java/JavaVirtualMachines/jdk1.7.0_07.jdk/Contents/Home/jre/lib/resources.jar:/Library/Java/JavaVirtualMachines/jdk1.7.0_07.jdk/Contents/Home/jre/lib/rt.jar:/Library/Java/JavaVirtualMachines/jdk1.7.0_07.jdk/Contents/Home/jre/lib/sunrsasign.jar:/Library/Java/JavaVirtualMachines/jdk1.7.0_07.jdk/Contents/Home/jre/lib/jsse.jar:/Library/Java/JavaVirtualMachines/jdk1.7.0_07.jdk/Contents/Home/jre/lib/jce.jar:/Library/Java/JavaVirtualMachines/jdk1.7.0_07.jdk/Contents/Home/jre/lib/charsets.jar:/Library/Java/JavaVirtualMachines/jdk1.7.0_07.jdk/Contents/Home/jre/lib/jfr.jar:/Library/Java/JavaVirtualMachines/jdk1.7.0_07.jdk/Contents/Home/jre/lib/JObjC.jar:/Library/Java/JavaVirtualMachines/jdk1.7.0_07.jdk/Contents/Home/jre/classes"/>
    <property name="java.vendor" value="Oracle Corporation"/>
    <property name="maven.home" value="/usr/share/maven"/>
    <property name="file.separator" value="/"/>
    <property name="java.vendor.url.bug" value="http://bugreport.sun.com/bugreport/"/>
    <property name="sun.cpu.endian" value="little"/>
    <property name="sun.io.unicode.encoding" value="UnicodeBig"/>
    <property name="socksNonProxyHosts" value="local|*.local|169.254/16|*.169.254/16"/>
    <property name="ftp.nonProxyHosts" value="local|*.local|169.254/16|*.169.254/16"/>
    <property name="sun.cpu.isalist" value=""/>
  </properties>
  <testcase time="0.001" classname="edu.ucla.sspace.util.HashMultiMapTest" name="testKeySet"/>
  <testcase time="0" classname="edu.ucla.sspace.util.HashMultiMapTest" name="testConstructor"/>
  <testcase time="0" classname="edu.ucla.sspace.util.HashMultiMapTest" name="testClear"/>
  <testcase time="0" classname="edu.ucla.sspace.util.HashMultiMapTest" name="testSize"/>
  <testcase time="0" classname="edu.ucla.sspace.util.HashMultiMapTest" name="testRemove"/>
  <testcase time="0" classname="edu.ucla.sspace.util.HashMultiMapTest" name="testPut"/>
  <testcase time="0" classname="edu.ucla.sspace.util.HashMultiMapTest" name="testPutConflict"/>
  <testcase time="0" classname="edu.ucla.sspace.util.HashMultiMapTest" name="testContainsKey"/>
  <testcase time="0" classname="edu.ucla.sspace.util.HashMultiMapTest" name="testContainsKeyFalse"/>
  <testcase time="0" classname="edu.ucla.sspace.util.HashMultiMapTest" name="testContainsValue"/>
  <testcase time="0" classname="edu.ucla.sspace.util.HashMultiMapTest" name="testContainsValueFalse"/>
  <testcase time="0" classname="edu.ucla.sspace.util.HashMultiMapTest" name="testKeyIterator"/>
  <testcase time="0" classname="edu.ucla.sspace.util.HashMultiMapTest" name="testValueIterator"/>
  <testcase time="0" classname="edu.ucla.sspace.util.HashMultiMapTest" name="testIteratorHasNext"/>
  <testcase time="0" classname="edu.ucla.sspace.util.HashMultiMapTest" name="testIteratorNextError"/>
  <testcase time="0.003" classname="edu.ucla.sspace.util.HashMultiMapTest" name="testMultipleRemoves"/>
  <testcase time="0" classname="edu.ucla.sspace.util.HashMultiMapTest" name="testIsEmpty"/>
  <testcase time="0.005" classname="edu.ucla.sspace.util.HashMultiMapTest" name="testMapConstructor"/>
  <testcase time="0" classname="edu.ucla.sspace.util.HashMultiMapTest" name="testMapConstructorNull"/>
  <testcase time="0" classname="edu.ucla.sspace.util.HashMultiMapTest" name="testPutMany"/>
  <testcase time="0" classname="edu.ucla.sspace.util.HashMultiMapTest" name="testPutEmptyString"/>
  <testcase time="0" classname="edu.ucla.sspace.util.HashMultiMapTest" name="testPutDifferentFirstChars"/>
  <testcase time="0" classname="edu.ucla.sspace.util.HashMultiMapTest" name="testPutSubstringOfKey"/>
  <testcase time="0" classname="edu.ucla.sspace.util.HashMultiMapTest" name="testPutKeyIsLonger"/>
  <testcase time="0" classname="edu.ucla.sspace.util.HashMultiMapTest" name="testPutKeyIsLongerByOne"/>
  <testcase time="0" classname="edu.ucla.sspace.util.HashMultiMapTest" name="testPutKeysLongerByOne"/>
  <testcase time="0.055" classname="edu.ucla.sspace.util.HashMultiMapTest" name="testPutLotsOfRandomPrefixes"/>
  <testcase time="0.016" classname="edu.ucla.sspace.util.HashMultiMapTest" name="testPutLotsOfOrderedPrefixes"/>
  <testcase time="0.001" classname="edu.ucla.sspace.util.HashMultiMapTest" name="testPutNumberKeysRandomOrder"/>
  <testcase time="0" classname="edu.ucla.sspace.util.HashMultiMapTest" name="testEntrySetValue"/>
  <testcase time="0.001" classname="edu.ucla.sspace.util.HashMultiMapTest" name="testEmptyIteratorNextError"/>
  <testcase time="0" classname="edu.ucla.sspace.util.HashMultiMapTest" name="testIteratorRemove"/>
  <testcase time="0" classname="edu.ucla.sspace.util.HashMultiMapTest" name="testIteratorRemoveTwice"/>
  <testcase time="0" classname="edu.ucla.sspace.util.HashMultiMapTest" name="testRemoveEmptyString"/>
  <testcase time="0" classname="edu.ucla.sspace.util.HashMultiMapTest" name="testRemoveIntermediate"/>
  <testcase time="0" classname="edu.ucla.sspace.util.HashMultiMapTest" name="testRemoveTerminal"/>
  <testcase time="0.005" classname="edu.ucla.sspace.util.HashMultiMapTest" name="testSizeLotsOfPrefixes"/>
  <testcase time="0.007" classname="edu.ucla.sspace.util.HashMultiMapTest" name="testSizeLotsOfRandomPrefixes"/>
  <testcase time="0" classname="edu.ucla.sspace.util.HashMultiMapTest" name="testRange"/>
  <testcase time="0.007" classname="edu.ucla.sspace.util.HashMultiMapTest" name="testRangeIncreasing"/>
  <testcase time="0" classname="edu.ucla.sspace.util.HashMultiMapTest" name="testEmptyEntrySet"/>
</testsuite>