<?xml version="1.0" encoding="UTF-8" ?>
<testsuite failures="0" time="0.112" errors="0" skipped="0" tests="77" name="edu.ucla.sspace.graph.WeightedDirectedMultigraphTest">
  <properties>
    <property name="java.runtime.name" value="Java(TM) SE Runtime Environment"/>
    <property name="sun.boot.library.path" value="/Library/Java/JavaVirtualMachines/jdk1.7.0_07.jdk/Contents/Home/jre/lib"/>
    <property name="java.vm.version" value="23.3-b01"/>
    <property name="gopherProxySet" value="false"/>
    <property name="java.vm.vendor" value="Oracle Corporation"/>
    <property name="java.vendor.url" value="http://java.oracle.com/"/>
    <property name="path.separator" value=":"/>
    <property name="guice.disable.misplaced.annotation.check" value="true"/>
    <property name="java.vm.name" value="Java HotSpot(TM) 64-Bit Server VM"/>
    <property name="file.encoding.pkg" value="sun.io"/>
    <property name="user.country" value="CN"/>
    <property name="sun.java.launcher" value="SUN_STANDARD"/>
    <property name="sun.os.patch.level" value="unknown"/>
    <property name="java.vm.specification.name" value="Java Virtual Machine Specification"/>
    <property name="user.dir" value="/Users/admin/Projects/S-Space"/>
    <property name="java.runtime.version" value="1.7.0_07-b10"/>
    <property name="java.awt.graphicsenv" value="sun.awt.CGraphicsEnvironment"/>
    <property name="java.endorsed.dirs" value="/Library/Java/JavaVirtualMachines/jdk1.7.0_07.jdk/Contents/Home/jre/lib/endorsed"/>
    <property name="os.arch" value="x86_64"/>
    <property name="java.io.tmpdir" value="/var/folders/4c/x35n2rm12wd0bqprw9zfbqj40000gn/T/"/>
    <property name="line.separator" value="
"/>
    <property name="java.vm.specification.vendor" value="Oracle Corporation"/>
    <property name="os.name" value="Mac OS X"/>
    <property name="classworlds.conf" value="/usr/share/maven/bin/m2.conf"/>
    <property name="sun.jnu.encoding" value="UTF-8"/>
    <property name="java.library.path" value="/Users/admin/Library/Java/Extensions:/Library/Java/Extensions:/Network/Library/Java/Extensions:/System/Library/Java/Extensions:/usr/lib/java:."/>
    <property name="java.specification.name" value="Java Platform API Specification"/>
    <property name="java.class.version" value="51.0"/>
    <property name="sun.management.compiler" value="HotSpot 64-Bit Tiered Compilers"/>
    <property name="os.version" value="10.8.3"/>
    <property name="http.nonProxyHosts" value="local|*.local|169.254/16|*.169.254/16"/>
    <property name="user.home" value="/Users/admin"/>
    <property name="user.timezone" value="Europe/Helsinki"/>
    <property name="java.awt.printerjob" value="sun.lwawt.macosx.CPrinterJob"/>
    <property name="java.specification.version" value="1.7"/>
    <property name="file.encoding" value="UTF-8"/>
    <property name="user.name" value="admin"/>
    <property name="java.class.path" value="/usr/share/maven/boot/plexus-classworlds-2.4.jar"/>
    <property name="java.vm.specification.version" value="1.7"/>
    <property name="sun.arch.data.model" value="64"/>
    <property name="java.home" value="/Library/Java/JavaVirtualMachines/jdk1.7.0_07.jdk/Contents/Home/jre"/>
    <property name="sun.java.command" value="org.codehaus.plexus.classworlds.launcher.Launcher -e test"/>
    <property name="java.specification.vendor" value="Oracle Corporation"/>
    <property name="user.language" value="zh"/>
    <property name="awt.toolkit" value="sun.lwawt.macosx.LWCToolkit"/>
    <property name="java.vm.info" value="mixed mode"/>
    <property name="java.version" value="1.7.0_07"/>
    <property name="java.ext.dirs" value="/Users/admin/Library/Java/Extensions:/Library/Java/JavaVirtualMachines/jdk1.7.0_07.jdk/Contents/Home/jre/lib/ext:/Library/Java/Extensions:/Network/Library/Java/Extensions:/System/Library/Java/Extensions:/usr/lib/java"/>
    <property name="sun.boot.class.path" value="/Library/Java/JavaVirtualMachines/jdk1.7.0_07.jdk/Contents/Home/jre/lib/resources.jar:/Library/Java/JavaVirtualMachines/jdk1.7.0_07.jdk/Contents/Home/jre/lib/rt.jar:/Library/Java/JavaVirtualMachines/jdk1.7.0_07.jdk/Contents/Home/jre/lib/sunrsasign.jar:/Library/Java/JavaVirtualMachines/jdk1.7.0_07.jdk/Contents/Home/jre/lib/jsse.jar:/Library/Java/JavaVirtualMachines/jdk1.7.0_07.jdk/Contents/Home/jre/lib/jce.jar:/Library/Java/JavaVirtualMachines/jdk1.7.0_07.jdk/Contents/Home/jre/lib/charsets.jar:/Library/Java/JavaVirtualMachines/jdk1.7.0_07.jdk/Contents/Home/jre/lib/jfr.jar:/Library/Java/JavaVirtualMachines/jdk1.7.0_07.jdk/Contents/Home/jre/lib/JObjC.jar:/Library/Java/JavaVirtualMachines/jdk1.7.0_07.jdk/Contents/Home/jre/classes"/>
    <property name="java.vendor" value="Oracle Corporation"/>
    <property name="maven.home" value="/usr/share/maven"/>
    <property name="file.separator" value="/"/>
    <property name="java.vendor.url.bug" value="http://bugreport.sun.com/bugreport/"/>
    <property name="sun.cpu.endian" value="little"/>
    <property name="sun.io.unicode.encoding" value="UnicodeBig"/>
    <property name="socksNonProxyHosts" value="local|*.local|169.254/16|*.169.254/16"/>
    <property name="ftp.nonProxyHosts" value="local|*.local|169.254/16|*.169.254/16"/>
    <property name="sun.cpu.isalist" value=""/>
  </properties>
  <testcase time="0.004" classname="edu.ucla.sspace.graph.WeightedDirectedMultigraphTest" name="testEquals"/>
  <testcase time="0" classname="edu.ucla.sspace.graph.WeightedDirectedMultigraphTest" name="testConstructor"/>
  <testcase time="0" classname="edu.ucla.sspace.graph.WeightedDirectedMultigraphTest" name="testAdd"/>
  <testcase time="0" classname="edu.ucla.sspace.graph.WeightedDirectedMultigraphTest" name="testConstructor2NullArg"/>
  <testcase time="0.002" classname="edu.ucla.sspace.graph.WeightedDirectedMultigraphTest" name="testEqualGeneric"/>
  <testcase time="0.038" classname="edu.ucla.sspace.graph.WeightedDirectedMultigraphTest" name="testContainsEdge"/>
  <testcase time="0" classname="edu.ucla.sspace.graph.WeightedDirectedMultigraphTest" name="testAddEdge"/>
  <testcase time="0.001" classname="edu.ucla.sspace.graph.WeightedDirectedMultigraphTest" name="testRemoveLesserVertexWithEdges"/>
  <testcase time="0.001" classname="edu.ucla.sspace.graph.WeightedDirectedMultigraphTest" name="testRemoveHigherVertexWithEdges"/>
  <testcase time="0.003" classname="edu.ucla.sspace.graph.WeightedDirectedMultigraphTest" name="testRemoveVertex"/>
  <testcase time="0.002" classname="edu.ucla.sspace.graph.WeightedDirectedMultigraphTest" name="testRemoveEdge"/>
  <testcase time="0" classname="edu.ucla.sspace.graph.WeightedDirectedMultigraphTest" name="testVertexIterator"/>
  <testcase time="0.004" classname="edu.ucla.sspace.graph.WeightedDirectedMultigraphTest" name="testEdgeIterator"/>
  <testcase time="0.002" classname="edu.ucla.sspace.graph.WeightedDirectedMultigraphTest" name="testEdgeIteratorSmall"/>
  <testcase time="0.001" classname="edu.ucla.sspace.graph.WeightedDirectedMultigraphTest" name="testEdgeIteratorSmallReverse"/>
  <testcase time="0.002" classname="edu.ucla.sspace.graph.WeightedDirectedMultigraphTest" name="testAdjacentEdges"/>
  <testcase time="0" classname="edu.ucla.sspace.graph.WeightedDirectedMultigraphTest" name="testAdjacencyListSize"/>
  <testcase time="0.001" classname="edu.ucla.sspace.graph.WeightedDirectedMultigraphTest" name="testAdjacentEdgesRemove"/>
  <testcase time="0.001" classname="edu.ucla.sspace.graph.WeightedDirectedMultigraphTest" name="testAdjacentEdgesAdd"/>
  <testcase time="0" classname="edu.ucla.sspace.graph.WeightedDirectedMultigraphTest" name="testClear"/>
  <testcase time="0.001" classname="edu.ucla.sspace.graph.WeightedDirectedMultigraphTest" name="testClearEdges"/>
  <testcase time="0.001" classname="edu.ucla.sspace.graph.WeightedDirectedMultigraphTest" name="testToString"/>
  <testcase time="0" classname="edu.ucla.sspace.graph.WeightedDirectedMultigraphTest" name="testVertexSetAdd"/>
  <testcase time="0.001" classname="edu.ucla.sspace.graph.WeightedDirectedMultigraphTest" name="testVertexSetAddFromGraph"/>
  <testcase time="0" classname="edu.ucla.sspace.graph.WeightedDirectedMultigraphTest" name="testVertexSetRemove"/>
  <testcase time="0" classname="edu.ucla.sspace.graph.WeightedDirectedMultigraphTest" name="testVertexSetRemoveFromGraph"/>
  <testcase time="0.001" classname="edu.ucla.sspace.graph.WeightedDirectedMultigraphTest" name="testVertexSetIteratorRemove"/>
  <testcase time="0" classname="edu.ucla.sspace.graph.WeightedDirectedMultigraphTest" name="testVertexSetIteratorTooFar"/>
  <testcase time="0" classname="edu.ucla.sspace.graph.WeightedDirectedMultigraphTest" name="testVertexSetIteratorRemoveTwice"/>
  <testcase time="0" classname="edu.ucla.sspace.graph.WeightedDirectedMultigraphTest" name="testVertexSetIteratorRemoveEarly"/>
  <testcase time="0" classname="edu.ucla.sspace.graph.WeightedDirectedMultigraphTest" name="testEdgeViewAdd"/>
  <testcase time="0" classname="edu.ucla.sspace.graph.WeightedDirectedMultigraphTest" name="testEdgeViewRemove"/>
  <testcase time="0.003" classname="edu.ucla.sspace.graph.WeightedDirectedMultigraphTest" name="testEdgeViewIterator"/>
  <testcase time="0" classname="edu.ucla.sspace.graph.WeightedDirectedMultigraphTest" name="testEdgeViewIteratorRemove"/>
  <testcase time="0" classname="edu.ucla.sspace.graph.WeightedDirectedMultigraphTest" name="testAdjacencyList"/>
  <testcase time="0.001" classname="edu.ucla.sspace.graph.WeightedDirectedMultigraphTest" name="testAdjacencyListRemoveEdge"/>
  <testcase time="0" classname="edu.ucla.sspace.graph.WeightedDirectedMultigraphTest" name="testAdjacencyListIterator"/>
  <testcase time="0" classname="edu.ucla.sspace.graph.WeightedDirectedMultigraphTest" name="testAdjacencyListNoVertex"/>
  <testcase time="0" classname="edu.ucla.sspace.graph.WeightedDirectedMultigraphTest" name="testAdjacencyListIteratorNextOffEnd"/>
  <testcase time="0.001" classname="edu.ucla.sspace.graph.WeightedDirectedMultigraphTest" name="testAdjacencyListIteratorRemove"/>
  <testcase time="0" classname="edu.ucla.sspace.graph.WeightedDirectedMultigraphTest" name="testAdjacencyListIteratorRemoveFirst"/>
  <testcase time="0" classname="edu.ucla.sspace.graph.WeightedDirectedMultigraphTest" name="testAdjacencyListIteratorRemoveTwice"/>
  <testcase time="0.001" classname="edu.ucla.sspace.graph.WeightedDirectedMultigraphTest" name="testAdjacentVertices"/>
  <testcase time="0" classname="edu.ucla.sspace.graph.WeightedDirectedMultigraphTest" name="testAdjacentVerticesAdd"/>
  <testcase time="0" classname="edu.ucla.sspace.graph.WeightedDirectedMultigraphTest" name="testAdjacentVerticesRemove"/>
  <testcase time="0" classname="edu.ucla.sspace.graph.WeightedDirectedMultigraphTest" name="testAdjacentVerticesIterator"/>
  <testcase time="0.001" classname="edu.ucla.sspace.graph.WeightedDirectedMultigraphTest" name="testAdjacentVerticesIteratorRemove"/>
  <testcase time="0.003" classname="edu.ucla.sspace.graph.WeightedDirectedMultigraphTest" name="testSubgraph"/>
  <testcase time="0.002" classname="edu.ucla.sspace.graph.WeightedDirectedMultigraphTest" name="testSubgraphContainsVertex"/>
  <testcase time="0.002" classname="edu.ucla.sspace.graph.WeightedDirectedMultigraphTest" name="testSubgraphContainsEdge"/>
  <testcase time="0.004" classname="edu.ucla.sspace.graph.WeightedDirectedMultigraphTest" name="testSubgraphAddEdge"/>
  <testcase time="0.003" classname="edu.ucla.sspace.graph.WeightedDirectedMultigraphTest" name="testSubgraphAddEdgeNewVertex"/>
  <testcase time="0.007" classname="edu.ucla.sspace.graph.WeightedDirectedMultigraphTest" name="testSubgraphRemoveEdge"/>
  <testcase time="0.002" classname="edu.ucla.sspace.graph.WeightedDirectedMultigraphTest" name="testSubgraphVerticesAdd"/>
  <testcase time="0.001" classname="edu.ucla.sspace.graph.WeightedDirectedMultigraphTest" name="testSubgraphVerticesRemove"/>
  <testcase time="0.001" classname="edu.ucla.sspace.graph.WeightedDirectedMultigraphTest" name="testSubgraphVerticesIteratorRemove"/>
  <testcase time="0.004" classname="edu.ucla.sspace.graph.WeightedDirectedMultigraphTest" name="testSubgraphEdges"/>
  <testcase time="0" classname="edu.ucla.sspace.graph.WeightedDirectedMultigraphTest" name="testSubgraphAdjacencyListContains"/>
  <testcase time="0.001" classname="edu.ucla.sspace.graph.WeightedDirectedMultigraphTest" name="testSubgraphAdjacencyListSize"/>
  <testcase time="0" classname="edu.ucla.sspace.graph.WeightedDirectedMultigraphTest" name="testSubgraphAdjacencyListAddNewVertex"/>
  <testcase time="0.001" classname="edu.ucla.sspace.graph.WeightedDirectedMultigraphTest" name="testSubgraphAdjacentVertices"/>
  <testcase time="0" classname="edu.ucla.sspace.graph.WeightedDirectedMultigraphTest" name="testSubgraphAdjacentVerticesAdd"/>
  <testcase time="0" classname="edu.ucla.sspace.graph.WeightedDirectedMultigraphTest" name="testSubgraphAdjacentVerticesRemove"/>
  <testcase time="0.001" classname="edu.ucla.sspace.graph.WeightedDirectedMultigraphTest" name="testSubgraphAdjacentVerticesIterator"/>
  <testcase time="0" classname="edu.ucla.sspace.graph.WeightedDirectedMultigraphTest" name="testSubgraphAdjacentVerticesIteratorRemove"/>
  <testcase time="0.002" classname="edu.ucla.sspace.graph.WeightedDirectedMultigraphTest" name="testSubgraphWhenVerticesRemovedFromBacking"/>
  <testcase time="0" classname="edu.ucla.sspace.graph.WeightedDirectedMultigraphTest" name="testSubgraphVertexIteratorWhenVerticesRemovedFromBacking"/>
  <testcase time="0.001" classname="edu.ucla.sspace.graph.WeightedDirectedMultigraphTest" name="testSubgraphEdgesWhenVerticesRemovedFromBacking"/>
  <testcase time="0" classname="edu.ucla.sspace.graph.WeightedDirectedMultigraphTest" name="testAddTypedEdges"/>
  <testcase time="0.001" classname="edu.ucla.sspace.graph.WeightedDirectedMultigraphTest" name="testNeighborsOfDifferentTypes"/>
  <testcase time="0.001" classname="edu.ucla.sspace.graph.WeightedDirectedMultigraphTest" name="testSubgraphOfSubtype"/>
  <testcase time="0.001" classname="edu.ucla.sspace.graph.WeightedDirectedMultigraphTest" name="testCopyAllVertices"/>
  <testcase time="0" classname="edu.ucla.sspace.graph.WeightedDirectedMultigraphTest" name="testCopy1vertex"/>
  <testcase time="0" classname="edu.ucla.sspace.graph.WeightedDirectedMultigraphTest" name="testCopy2vertex"/>
  <testcase time="0" classname="edu.ucla.sspace.graph.WeightedDirectedMultigraphTest" name="testCopy3vertexTriangle"/>
  <testcase time="0.001" classname="edu.ucla.sspace.graph.WeightedDirectedMultigraphTest" name="testCopy3vertexVee"/>
  <testcase time="0" classname="edu.ucla.sspace.graph.WeightedDirectedMultigraphTest" name="testEmptyCopy"/>
</testsuite>